# JRE version: OpenJDK Runtime Environment (21.0.1+12) (build 21.0.1+12-29)
# Java VM: OpenJDK 64-Bit Server VM (21.0.1+12-29, mixed mode, emulated-client, sharing, tiered, compressed oops, compressed class ptrs, g1 gc, windows-amd64)
GC Precious Log:
 CardTable entry size: 512
 Card Set container configuration: InlinePtr #cards 4 size 8 Array Of Cards #cards 32 size 80 Howl #buckets 8 coarsen threshold 7372 Howl Bitmap #cards 1024 size 144 coarsen threshold 921 Card regions per heap region 1 cards per card region 8192
 CPUs: 8 total, 8 available
 Memory: 24427M
 Large Page Support: Disabled
 NUMA Support: Disabled
 Compressed Oops: Enabled (Zero based)
 Heap Region Size: 4M
 Heap Min Capacity: 8M
 Heap Initial Capacity: 384M
 Heap Max Capacity: 6108M
 Pre-touch: Disabled
 Parallel Workers: 8
 Concurrent Workers: 2
 Concurrent Refinement Workers: 8
 Periodic GC: Disabled
Heap:
 garbage-first heap   total 151552K, used 60279K [0x0000000682400000, 0x0000000800000000)
  region size 4096K, 3 young (12288K), 2 survivors (8192K)
 Metaspace       used 84279K, committed 85248K, reserved 1179648K
  class space    used 12060K, committed 12480K, reserved 1048576K
GC Heap History (20 events):
Event: 9.302 GC heap before
{Heap before GC invocations=12 (full 0):
 garbage-first heap   total 81920K, used 62982K [0x0000000682400000, 0x0000000800000000)
  region size 4096K, 10 young (40960K), 2 survivors (8192K)
 Metaspace       used 40391K, committed 41024K, reserved 1114112K
  class space    used 5582K, committed 5824K, reserved 1048576K
}
Event: 9.319 GC heap after
{Heap after GC invocations=13 (full 0):
 garbage-first heap   total 237568K, used 30319K [0x0000000682400000, 0x0000000800000000)
  region size 4096K, 2 young (8192K), 2 survivors (8192K)
 Metaspace       used 40391K, committed 41024K, reserved 1114112K
  class space    used 5582K, committed 5824K, reserved 1048576K
}
Event: 11.265 GC heap before
{Heap before GC invocations=13 (full 0):
 garbage-first heap   total 237568K, used 124527K [0x0000000682400000, 0x0000000800000000)
  region size 4096K, 26 young (106496K), 2 survivors (8192K)
 Metaspace       used 58941K, committed 59648K, reserved 1114112K
  class space    used 8099K, committed 8448K, reserved 1048576K
}
Event: 11.274 GC heap after
{Heap after GC invocations=14 (full 0):
 garbage-first heap   total 237568K, used 36594K [0x0000000682400000, 0x0000000800000000)
  region size 4096K, 3 young (12288K), 3 survivors (12288K)
 Metaspace       used 58941K, committed 59648K, reserved 1114112K
  class space    used 8099K, committed 8448K, reserved 1048576K
}
Event: 12.638 GC heap before
{Heap before GC invocations=15 (full 0):
 garbage-first heap   total 151552K, used 114418K [0x0000000682400000, 0x0000000800000000)
  region size 4096K, 22 young (90112K), 3 survivors (12288K)
 Metaspace       used 71862K, committed 72640K, reserved 1114112K
  class space    used 10045K, committed 10368K, reserved 1048576K
}
Event: 12.646 GC heap after
{Heap after GC invocations=16 (full 0):
 garbage-first heap   total 151552K, used 41049K [0x0000000682400000, 0x0000000800000000)
  region size 4096K, 3 young (12288K), 3 survivors (12288K)
 Metaspace       used 71862K, committed 72640K, reserved 1114112K
  class space    used 10045K, committed 10368K, reserved 1048576K
}
Event: 13.278 GC heap before
{Heap before GC invocations=16 (full 0):
 garbage-first heap   total 151552K, used 118873K [0x0000000682400000, 0x0000000800000000)
  region size 4096K, 22 young (90112K), 3 survivors (12288K)
 Metaspace       used 73635K, committed 74432K, reserved 1114112K
  class space    used 10346K, committed 10688K, reserved 1048576K
}
Event: 13.289 GC heap after
{Heap after GC invocations=17 (full 0):
 garbage-first heap   total 151552K, used 43510K [0x0000000682400000, 0x0000000800000000)
  region size 4096K, 2 young (8192K), 2 survivors (8192K)
 Metaspace       used 73635K, committed 74432K, reserved 1114112K
  class space    used 10346K, committed 10688K, reserved 1048576K
}
Event: 14.054 GC heap before
{Heap before GC invocations=17 (full 0):
 garbage-first heap   total 151552K, used 125430K [0x0000000682400000, 0x0000000800000000)
  region size 4096K, 22 young (90112K), 2 survivors (8192K)
 Metaspace       used 75041K, committed 75904K, reserved 1114112K
  class space    used 10558K, committed 10944K, reserved 1048576K
}
Event: 14.062 GC heap after
{Heap after GC invocations=18 (full 0):
 garbage-first heap   total 151552K, used 47294K [0x0000000682400000, 0x0000000800000000)
  region size 4096K, 2 young (8192K), 2 survivors (8192K)
 Metaspace       used 75041K, committed 75904K, reserved 1114112K
  class space    used 10558K, committed 10944K, reserved 1048576K
}
Event: 16.821 GC heap before
{Heap before GC invocations=18 (full 0):
 garbage-first heap   total 151552K, used 129214K [0x0000000682400000, 0x0000000800000000)
  region size 4096K, 22 young (90112K), 2 survivors (8192K)
 Metaspace       used 75843K, committed 76672K, reserved 1179648K
  class space    used 10691K, committed 11072K, reserved 1048576K
}
Event: 16.832 GC heap after
{Heap after GC invocations=19 (full 0):
 garbage-first heap   total 151552K, used 50073K [0x0000000682400000, 0x0000000800000000)
  region size 4096K, 2 young (8192K), 2 survivors (8192K)
 Metaspace       used 75843K, committed 76672K, reserved 1179648K
  class space    used 10691K, committed 11072K, reserved 1048576K
}
Event: 17.478 GC heap before
{Heap before GC invocations=19 (full 0):
 garbage-first heap   total 151552K, used 127897K [0x0000000682400000, 0x0000000800000000)
  region size 4096K, 21 young (86016K), 2 survivors (8192K)
 Metaspace       used 76735K, committed 77568K, reserved 1179648K
  class space    used 10849K, committed 11200K, reserved 1048576K
}
Event: 17.486 GC heap after
{Heap after GC invocations=20 (full 0):
 garbage-first heap   total 151552K, used 52572K [0x0000000682400000, 0x0000000800000000)
  region size 4096K, 2 young (8192K), 2 survivors (8192K)
 Metaspace       used 76735K, committed 77568K, reserved 1179648K
  class space    used 10849K, committed 11200K, reserved 1048576K
}
Event: 19.084 GC heap before
{Heap before GC invocations=21 (full 0):
 garbage-first heap   total 151552K, used 126300K [0x0000000682400000, 0x0000000800000000)
  region size 4096K, 20 young (81920K), 2 survivors (8192K)
 Metaspace       used 77524K, committed 78400K, reserved 1179648K
  class space    used 11023K, committed 11392K, reserved 1048576K
}
Event: 19.090 GC heap after
{Heap after GC invocations=22 (full 0):
 garbage-first heap   total 151552K, used 54360K [0x0000000682400000, 0x0000000800000000)
  region size 4096K, 2 young (8192K), 2 survivors (8192K)
 Metaspace       used 77524K, committed 78400K, reserved 1179648K
  class space    used 11023K, committed 11392K, reserved 1048576K
}
Event: 22.353 GC heap before
{Heap before GC invocations=22 (full 0):
 garbage-first heap   total 151552K, used 128088K [0x0000000682400000, 0x0000000800000000)
  region size 4096K, 20 young (81920K), 2 survivors (8192K)
 Metaspace       used 83532K, committed 84480K, reserved 1179648K
  class space    used 11925K, committed 12352K, reserved 1048576K
}
Event: 22.364 GC heap after
{Heap after GC invocations=23 (full 0):
 garbage-first heap   total 151552K, used 58467K [0x0000000682400000, 0x0000000800000000)
  region size 4096K, 3 young (12288K), 3 survivors (12288K)
 Metaspace       used 83532K, committed 84480K, reserved 1179648K
  class space    used 11925K, committed 12352K, reserved 1048576K
}
Event: 4207.054 GC heap before
{Heap before GC invocations=23 (full 0):
 garbage-first heap   total 151552K, used 91235K [0x0000000682400000, 0x0000000800000000)
  region size 4096K, 13 young (53248K), 3 survivors (12288K)
 Metaspace       used 84279K, committed 85248K, reserved 1179648K
  class space    used 12060K, committed 12480K, reserved 1048576K
}
Event: 4207.070 GC heap after
{Heap after GC invocations=24 (full 0):
 garbage-first heap   total 151552K, used 60279K [0x0000000682400000, 0x0000000800000000)
  region size 4096K, 2 young (8192K), 2 survivors (8192K)
 Metaspace       used 84279K, committed 85248K, reserved 1179648K
  class space    used 12060K, committed 12480K, reserved 1048576K
}

